1665671217723	geckodriver	INFO	Listening on 127.0.0.1:60849
1665671230730	geckodriver	INFO	Listening on 127.0.0.1:60857
1665671297380	geckodriver	INFO	Listening on 127.0.0.1:61007
1665671300436	mozrunner::runner	INFO	Running command: "C:\\Program Files\\Mozilla Firefox\\firefox.exe" "--marionette" "--remote-debugging-port" "61008" "--remote-allow-hosts" "localhost" "-no-remote" "-profile" "C:\\Users\\ASUS\\AppData\\Local\\Temp\\rust_mozprofileAWU5lb"
1665671300918	Marionette	INFO	Marionette enabled
1665671300926	Marionette	INFO	Listening on port 61017
Read port: 61017
WebDriver BiDi listening on ws://127.0.0.1:61008
1665671301077	RemoteAgent	WARN	TLS certificate errors will be ignored for this session
console.warn: SearchSettings: "get: No settings file exists, new profile?" (new NotFoundError("Could not open the file at C:\\Users\\ASUS\\AppData\\Local\\Temp\\rust_mozprofileAWU5lb\\search.json.mozlz4", (void 0)))
DevTools listening on ws://127.0.0.1:61008/devtools/browser/895af4de-0228-43c8-9f14-9ae19e9fc925
console.error: services.settings: 
  main/query-stripping Signature failed  InvalidSignatureError: Invalid content signature (main/query-stripping)
console.error: services.settings: 
  main/query-stripping local data was corrupted
console.warn: services.settings: main/query-stripping Signature verified failed. Retry from scratch
console.error: services.settings: 
  main/query-stripping Signature failed again InvalidSignatureError: Invalid content signature (main/query-stripping)
1665671312402	Marionette	INFO	Stopped listening on port 61017
console.warn: TopSitesFeed: Failed to fetch data from Contile server: NetworkError when attempting to fetch resource.
[Parent 21012, IPC I/O Parent] WARNING: file /builds/worker/checkouts/gecko/ipc/chromium/src/base/process_util_win.cc:167
1665671319525	geckodriver	INFO	Listening on 127.0.0.1:61055
1665671322606	mozrunner::runner	INFO	Running command: "C:\\Program Files\\Mozilla Firefox\\firefox.exe" "--marionette" "--remote-debugging-port" "61056" "--remote-allow-hosts" "localhost" "-no-remote" "-profile" "C:\\Users\\ASUS\\AppData\\Local\\Temp\\rust_mozprofileaLBunl"
1665671323064	Marionette	INFO	Marionette enabled
1665671323071	Marionette	INFO	Listening on port 61065
WebDriver BiDi listening on ws://127.0.0.1:61056
Read port: 61065
1665671323354	RemoteAgent	WARN	TLS certificate errors will be ignored for this session
console.warn: SearchSettings: "get: No settings file exists, new profile?" (new NotFoundError("Could not open the file at C:\\Users\\ASUS\\AppData\\Local\\Temp\\rust_mozprofileaLBunl\\search.json.mozlz4", (void 0)))
DevTools listening on ws://127.0.0.1:61056/devtools/browser/d819262b-036b-43a1-b564-e384ac357bc1
console.error: services.settings: 
  main/query-stripping Signature failed  InvalidSignatureError: Invalid content signature (main/query-stripping)
console.error: services.settings: 
  main/query-stripping local data was corrupted
console.warn: services.settings: main/query-stripping Signature verified failed. Retry from scratch
console.error: services.settings: 
  main/query-stripping Signature failed again InvalidSignatureError: Invalid content signature (main/query-stripping)
1665671377173	Marionette	INFO	Stopped listening on port 61065
console.warn: TopSitesFeed: Failed to fetch data from Contile server: NetworkError when attempting to fetch resource.
[Parent 25808, IPC I/O Parent] WARNING: file /builds/worker/checkouts/gecko/ipc/chromium/src/base/process_util_win.cc:167
\Temp\\rust_mozprofileqyenoZ"
1665671352338	Marionette	INFO	Marionette enabled
1665671352345	Marionette	INFO	Listening on port 61168
Read port: 61168
WebDriver BiDi listening on ws://127.0.0.1:61159
1665671352515	RemoteAgent	WARN	TLS certificate errors will be ignored for this session
console.warn: SearchSettings: "get: No settings file exists, new profile?" (new NotFoundError("Could not open the file at C:\\Users\\ASUS\\AppData\\Local\\Temp\\rust_mozprofileqyenoZ\\search.json.mozlz4", (void 0)))
DevTools listening on ws://127.0.0.1:61159/devtools/browser/b01ed599-c4f7-4a13-9a61-5d1cc35c3784
console.error: services.settings: 
  main/query-stripping Signature failed  InvalidSignatureError: Invalid content signature (main/query-stripping)
console.error: services.settings: 
  main/query-stripping local data was corrupted
console.warn: services.settings: main/query-stripping Signature verified failed. Retry from scratch
console.error: services.settings: 
  main/query-stripping Signature failed again InvalidSignatureError: Invalid content signature (main/query-stripping)
console.warn: LoginRecipes: "Falling back to a synchronous message for: https://accounts.google.com."
console.warn: LoginRecipes: "Falling back to a synchronous message for: https://accounts.google.com."
JavaScript warning: https://accounts.google.com/o/oauth2/auth?redirect_uri=storagerelay%3A%2F%2Fhttps%2Ftinder.com%3Fid%3Dauth453822&response_type=permission%20id_token&scope=email%20profile%20openid&openid.realm=&include_granted_scopes=true&client_id=230402993429-g4nobau40t3v3j0tvqto4j8f35kil4hf.apps.googleusercontent.com&ss_domain=https%3A%2F%2Ftinder.com&fetch_basic_profile=true&gsiwebsdk=2 line 2 > eval line 4764 > eval line 1 > eval line 1 > eval, line 1: WEBGL_debug_renderer_info is deprecated in Firefox and will be removed. Please use RENDERER.
1665671375527	Marionette	INFO	Stopped listening on port 61168
console.warn: TopSitesFeed: Failed to fetch data from Contile server: NetworkError when attempting to fetch resource.
[Parent 20780, IPC I/O Parent] WARNING: file /builds/worker/checkouts/gecko/ipc/chromium/src/base/process_util_win.cc:167
1665671402231	geckodriver	INFO	Listening on 127.0.0.1:61346
1665671405311	mozrunner::runner	INFO	Running command: "C:\\Program Files\\Mozilla Firefox\\firefox.exe" "--marionette" "--remote-debugging-port" "61347" "--remote-allow-hosts" "localhost" "-no-remote" "-profile" "C:\\Users\\ASUS\\AppData\\Local\\Temp\\rust_mozprofilevSjObX"
1665671405776	Marionette	INFO	Marionette enabled
1665671405782	Marionette	INFO	Listening on port 61356
WebDriver BiDi listening on ws://127.0.0.1:61347
Read port: 61356
1665671406064	RemoteAgent	WARN	TLS certificate errors will be ignored for this session
console.warn: SearchSettings: "get: No settings file exists, new profile?" (new NotFoundError("Could not open the file at C:\\Users\\ASUS\\AppData\\Local\\Temp\\rust_mozprofilevSjObX\\search.json.mozlz4", (void 0)))
DevTools listening on ws://127.0.0.1:61347/devtools/browser/9c793c38-d4ba-4f98-bf56-f3e1a28ae3f1
console.error: services.settings: 
  main/query-stripping Signature failed  InvalidSignatureError: Invalid content signature (main/query-stripping)
console.error: services.settings: 
  main/query-stripping local data was corrupted
console.warn: services.settings: main/query-stripping Signature verified failed. Retry from scratch
console.error: services.settings: 
  main/query-stripping Signature failed again InvalidSignatureError: Invalid content signature (main/query-stripping)
console.warn: LoginRecipes: "Falling back to a synchronous message for: https://accounts.google.com."
console.warn: LoginRecipes: "Falling back to a synchronous message for: https://accounts.google.com."
JavaScript warning: https://accounts.google.com/o/oauth2/auth?redirect_uri=storagerelay%3A%2F%2Fhttps%2Ftinder.com%3Fid%3Dauth647944&response_type=permission%20id_token&scope=email%20profile%20openid&openid.realm=&include_granted_scopes=true&client_id=230402993429-g4nobau40t3v3j0tvqto4j8f35kil4hf.apps.googleusercontent.com&ss_domain=https%3A%2F%2Ftinder.com&fetch_basic_profile=true&gsiwebsdk=2 line 2 > eval line 1840 > eval line 1 > eval line 1 > eval, line 1: WEBGL_debug_renderer_info is deprecated in Firefox and will be removed. Please use RENDERER.
1665671439545	Marionette	INFO	Stopped listening on port 61356
console.warn: TopSitesFeed: Failed to fetch data from Contile server: NetworkError when attempting to fetch resource.
[Parent 29424, IPC I/O Parent] WARNING: file /builds/worker/checkouts/gecko/ipc/chromium/src/base/process_util_win.cc:167
1665671441133	geckodriver	INFO	Listening on 127.0.0.1:61554
1665671444196	mozrunner::runner	INFO	Running command: "C:\\Program Files\\Mozilla Firefox\\firefox.exe" "--marionette" "--remote-debugging-port" "61555" "--remote-allow-hosts" "localhost" "-no-remote" "-profile" "C:\\Users\\ASUS\\AppData\\Local\\Temp\\rust_mozprofilejl8YzE"
1665671444667	Marionette	INFO	Marionette enabled
1665671444673	Marionette	INFO	Listening on port 61564
Read port: 61564
WebDriver BiDi listening on ws://127.0.0.1:61555
1665671444846	RemoteAgent	WARN	TLS certificate errors will be ignored for this session
console.warn: SearchSettings: "get: No settings file exists, new profile?" (new NotFoundError("Could not open the file at C:\\Users\\ASUS\\AppData\\Local\\Temp\\rust_mozprofilejl8YzE\\search.json.mozlz4", (void 0)))
DevTools listening on ws://127.0.0.1:61555/devtools/browser/e4e008aa-9835-46c2-a99a-4259e737525b
console.error: services.settings: 
  main/query-stripping Signature failed  InvalidSignatureError: Invalid content signature (main/query-stripping)
console.error: services.settings: 
  main/query-stripping local data was corrupted
console.warn: services.settings: main/query-stripping Signature verified failed. Retry from scratch
console.error: services.settings: 
  main/query-stripping Signature failed again InvalidSignatureError: Invalid content signature (main/query-stripping)
console.warn: LoginRecipes: "Falling back to a synchronous message for: https://accounts.google.com."
console.warn: LoginRecipes: "Falling back to a synchronous message for: https://accounts.google.com."
JavaScript warning: https://accounts.google.com/o/oauth2/auth?redirect_uri=storagerelay%3A%2F%2Fhttps%2Ftinder.com%3Fid%3Dauth982049&response_type=permission%20id_token&scope=email%20profile%20openid&openid.realm=&include_granted_scopes=true&client_id=230402993429-g4nobau40t3v3j0tvqto4j8f35kil4hf.apps.googleusercontent.com&ss_domain=https%3A%2F%2Ftinder.com&fetch_basic_profile=true&gsiwebsdk=2 line 2 > eval line 3767 > eval line 1 > eval line 1 > eval, line 1: WEBGL_debug_renderer_info is deprecated in Firefox and will be removed. Please use RENDERER.
console.warn: LoginRecipes: "Falling back to a synchronous message for: https://accounts.google.com."
JavaScript warning: https://accounts.google.com/o/oauth2/auth?redirect_uri=storagerelay%3A%2F%2Fhttps%2Ftinder.com%3Fid%3Dauth982049&response_type=permission%20id_token&scope=email%20profile%20openid&openid.realm=&include_granted_scopes=true&client_id=230402993429-g4nobau40t3v3j0tvqto4j8f35kil4hf.apps.googleusercontent.com&ss_domain=https%3A%2F%2Ftinder.com&fetch_basic_profile=true&gsiwebsdk=2 line 2 > eval line 6930 > eval line 1 > eval line 1 > eval, line 1: WEBGL_debug_renderer_info is deprecated in Firefox and will be removed. Please use RENDERER.
JavaScript warning: https://accounts.google.com/o/oauth2/auth?redirect_uri=storagerelay%3A%2F%2Fhttps%2Ftinder.com%3Fid%3Dauth982049&response_type=permission%20id_token&scope=email%20profile%20openid&openid.realm=&include_granted_scopes=true&client_id=230402993429-g4nobau40t3v3j0tvqto4j8f35kil4hf.apps.googleusercontent.com&ss_domain=https%3A%2F%2Ftinder.com&fetch_basic_profile=true&gsiwebsdk=2 line 2 > eval line 1706 > eval line 1 > eval line 1 > eval, line 1: WEBGL_debug_renderer_info is deprecated in Firefox and will be removed. Please use RENDERER.
1665671480168	Marionette	INFO	Stopped listening on port 61564
console.warn: TopSitesFeed: Failed to fetch data from Contile server: NetworkError when attempting to fetch resource.
[Parent 16284, IPC I/O Parent] WARNING: file /builds/worker/checkouts/gecko/ipc/chromium/src/base/process_util_win.cc:167
